2022-10-16 00:59:58,428 - INFO - views - El usuario ya se encuentra logeado
2022-10-16 01:17:46,260 - INFO - views - El usuario ya se encuentra logeado
2022-10-16 01:19:29,458 - INFO - views - Iniciando ejecucion del programa
2022-10-16 01:35:59,293 - INFO - views - Iniciando ejecucion del programa
2022-10-16 01:36:35,031 - INFO - views - Se ha registrado exitosamente al usuario
2022-10-16 01:49:50,115 - INFO - views - Iniciando ejecucion del programa
2022-10-16 02:11:00,333 - INFO - views - Se ha creado una tarea
2022-10-16 02:11:26,397 - INFO - views - Se ha creado una tarea
2022-10-16 02:12:13,526 - INFO - views - Se ha buscado una tarea
2022-10-16 02:12:17,259 - INFO - views - Se ha buscado una tarea
2022-10-16 13:17:47,093 - INFO - views - Iniciando ejecucion del programa
2022-10-16 13:18:56,235 - INFO - views - Iniciando ejecucion del programa
2022-10-16 13:19:45,345 - INFO - views - Iniciando ejecucion del programa
2022-10-16 13:20:05,500 - INFO - views - Iniciando ejecucion del programa
2022-10-16 13:20:22,655 - INFO - views - Iniciando ejecucion del programa
2022-10-16 13:20:42,599 - INFO - views - Iniciando ejecucion del programa
2022-10-16 13:23:34,167 - INFO - views - Iniciando ejecucion del programa
2022-10-16 13:24:23,569 - INFO - views - Iniciando ejecucion del programa
2022-10-16 13:26:11,801 - INFO - views - Iniciando ejecucion del programa
2022-10-16 13:27:18,636 - INFO - views - Iniciando ejecucion del programa
2022-10-16 13:30:26,865 - INFO - views - Se ha creado una tarea
2022-10-16 13:30:39,686 - INFO - views - Se ha creado una tarea
2022-10-16 13:32:15,872 - INFO - views - Iniciando ejecucion del programa
2022-10-16 13:32:32,462 - INFO - views - Iniciando ejecucion del programa
2022-10-16 13:33:19,563 - INFO - views - Iniciando ejecucion del programa
2022-10-16 13:33:40,834 - INFO - views - Iniciando ejecucion del programa
2022-10-16 13:35:51,977 - INFO - views - Iniciando ejecucion del programa
2022-10-16 13:36:31,708 - INFO - views - Iniciando ejecucion del programa
2022-10-16 13:39:17,903 - INFO - views - Iniciando ejecucion del programa
2022-10-16 13:41:21,858 - INFO - views - Iniciando ejecucion del programa
2022-10-16 13:50:33,565 - INFO - views - Iniciando ejecucion del programa
2022-10-16 13:52:06,272 - INFO - views - Iniciando ejecucion del programa
2022-10-16 13:52:28,106 - INFO - views - Iniciando ejecucion del programa
2022-10-16 13:53:41,051 - INFO - views - Iniciando ejecucion del programa
2022-10-16 13:53:59,029 - INFO - views - Iniciando ejecucion del programa
2022-10-16 13:58:41,665 - INFO - views - Iniciando ejecucion del programa
2022-10-16 15:07:05,674 - INFO - views - Iniciando ejecucion del programa
2022-10-16 15:13:08,052 - INFO - views - Iniciando ejecucion del programa
2022-10-16 15:13:31,270 - INFO - views - Iniciando ejecucion del programa
2022-10-16 15:13:33,621 - INFO - views - Se ha buscado una tarea
2022-10-16 15:13:59,446 - INFO - views - Iniciando ejecucion del programa
2022-10-16 15:14:03,190 - INFO - views - Se ha buscado una tarea
2022-10-16 15:16:22,070 - INFO - views - Iniciando ejecucion del programa
2022-10-16 15:16:25,641 - INFO - views - Se ha buscado una tarea
2022-10-16 15:16:29,230 - INFO - views - Se ha buscado una tarea
2022-10-16 15:16:59,012 - INFO - views - Iniciando ejecucion del programa
2022-10-16 15:16:59,787 - INFO - views - Se ha buscado una tarea
2022-10-16 15:17:00,400 - INFO - views - Se ha buscado una tarea
2022-10-16 15:17:03,354 - INFO - views - Se ha buscado una tarea
2022-10-16 15:17:31,334 - INFO - views - Iniciando ejecucion del programa
2022-10-16 15:17:33,717 - INFO - views - Se ha buscado una tarea
2022-10-16 15:17:34,513 - INFO - views - Se ha buscado una tarea
2022-10-16 15:17:36,000 - INFO - views - Se ha buscado una tarea
2022-10-16 15:18:58,920 - INFO - views - Iniciando ejecucion del programa
2022-10-16 15:19:07,663 - INFO - views - Se ha buscado una tarea
2022-10-16 15:19:20,118 - INFO - views - Se ha buscado una tarea
2022-10-16 15:19:21,827 - INFO - views - Se ha buscado una tarea
2022-10-16 15:24:24,163 - INFO - views - Se ha buscado una tarea
2022-10-16 15:25:15,806 - INFO - views - Se ha buscado una tarea
2022-10-16 15:26:26,662 - INFO - views - Se ha buscado una tarea
2022-10-16 15:27:40,894 - INFO - views - Se ha buscado una tarea
2022-10-16 15:28:00,810 - INFO - views - Se ha buscado una tarea
2022-10-16 15:28:11,460 - INFO - views - Se ha buscado una tarea
2022-10-16 15:29:27,422 - INFO - views - Se ha buscado una tarea
2022-10-16 15:30:42,008 - INFO - views - Iniciando ejecucion del programa
2022-10-16 15:31:08,378 - INFO - views - Se ha buscado una tarea
2022-10-16 15:31:14,755 - INFO - views - Se ha buscado una tarea
2022-10-16 15:34:14,767 - INFO - views - Se ha buscado una tarea
2022-10-16 15:34:19,030 - INFO - views - Se ha buscado una tarea
2022-10-16 15:34:22,351 - INFO - views - Se ha buscado una tarea
2022-10-16 15:34:25,389 - INFO - views - Se ha buscado una tarea
2022-10-16 15:37:15,135 - INFO - views - Iniciando ejecucion del programa
2022-10-16 15:37:38,323 - INFO - views - Iniciando ejecucion del programa
2022-10-16 15:37:38,925 - INFO - views - Se ha buscado una tarea
2022-10-16 15:37:43,250 - INFO - views - Se ha buscado una tarea
2022-10-16 15:37:49,012 - INFO - views - Se ha buscado una tarea
2022-10-16 15:37:52,108 - INFO - views - Se ha buscado una tarea
2022-10-16 15:37:54,306 - INFO - views - Se ha buscado una tarea
2022-10-16 15:37:57,210 - INFO - views - Se ha buscado una tarea
2022-10-16 15:38:57,454 - INFO - views - Iniciando ejecucion del programa
2022-10-16 15:39:55,916 - INFO - views - Se ha buscado una tarea
2022-10-16 15:40:09,154 - INFO - views - Se ha buscado una tarea
2022-10-16 15:58:01,781 - INFO - views - Iniciando ejecucion del programa
2022-10-16 15:58:08,624 - INFO - views - Se ha buscado una tarea
2022-10-16 15:58:11,975 - INFO - views - Se ha buscado una tarea
2022-10-16 16:13:36,862 - INFO - views - Iniciando ejecucion del programa
